Performing C SOURCE FILE Test CMAKE_HAVE_LIBC_PTHREAD failed with the following output:
Change Dir: /data/Dev/CPP/6502 Emulator/cmake-build-debug/CMakeFiles/CMakeTmp

Run Build Command(s):/usr/bin/make cmTC_17007/fast && /usr/bin/make  -f CMakeFiles/cmTC_17007.dir/build.make CMakeFiles/cmTC_17007.dir/build
make[1]: Entering directory '/data/Dev/CPP/6502 Emulator/cmake-build-debug/CMakeFiles/CMakeTmp'
Building C object CMakeFiles/cmTC_17007.dir/src.c.o
/usr/bin/cc   -DCMAKE_HAVE_LIBC_PTHREAD   -o CMakeFiles/cmTC_17007.dir/src.c.o   -c "/data/Dev/CPP/6502 Emulator/cmake-build-debug/CMakeFiles/CMakeTmp/src.c"
Linking C executable cmTC_17007
/data/Programs/clion-2020.3/bin/cmake/linux/bin/cmake -E cmake_link_script CMakeFiles/cmTC_17007.dir/link.txt --verbose=1
/usr/bin/cc  -DCMAKE_HAVE_LIBC_PTHREAD    -rdynamic CMakeFiles/cmTC_17007.dir/src.c.o  -o cmTC_17007 
/usr/bin/ld: CMakeFiles/cmTC_17007.dir/src.c.o: in function `main':
src.c:(.text+0x3e): undefined reference to `pthread_create'
/usr/bin/ld: src.c:(.text+0x4a): undefined reference to `pthread_detach'
/usr/bin/ld: src.c:(.text+0x56): undefined reference to `pthread_cancel'
/usr/bin/ld: src.c:(.text+0x67): undefined reference to `pthread_join'
collect2: error: ld returned 1 exit status
make[1]: *** [CMakeFiles/cmTC_17007.dir/build.make:107: cmTC_17007] Error 1
make[1]: Leaving directory '/data/Dev/CPP/6502 Emulator/cmake-build-debug/CMakeFiles/CMakeTmp'
make: *** [Makefile:141: cmTC_17007/fast] Error 2


Source file was:
#include <pthread.h>

void* test_func(void* data)
{
  return data;
}

int main(void)
{
  pthread_t thread;
  pthread_create(&thread, NULL, test_func, NULL);
  pthread_detach(thread);
  pthread_cancel(thread);
  pthread_join(thread, NULL);
  pthread_atfork(NULL, NULL, NULL);
  pthread_exit(NULL);

  return 0;
}

Determining if the function pthread_create exists in the pthreads failed with the following output:
Change Dir: /data/Dev/CPP/6502 Emulator/cmake-build-debug/CMakeFiles/CMakeTmp

Run Build Command(s):/usr/bin/make cmTC_6a8c9/fast && /usr/bin/make  -f CMakeFiles/cmTC_6a8c9.dir/build.make CMakeFiles/cmTC_6a8c9.dir/build
make[1]: Entering directory '/data/Dev/CPP/6502 Emulator/cmake-build-debug/CMakeFiles/CMakeTmp'
Building C object CMakeFiles/cmTC_6a8c9.dir/CheckFunctionExists.c.o
/usr/bin/cc   -DCHECK_FUNCTION_EXISTS=pthread_create   -o CMakeFiles/cmTC_6a8c9.dir/CheckFunctionExists.c.o   -c /data/Programs/clion-2020.3/bin/cmake/linux/share/cmake-3.17/Modules/CheckFunctionExists.c
Linking C executable cmTC_6a8c9
/data/Programs/clion-2020.3/bin/cmake/linux/bin/cmake -E cmake_link_script CMakeFiles/cmTC_6a8c9.dir/link.txt --verbose=1
/usr/bin/cc  -DCHECK_FUNCTION_EXISTS=pthread_create    -rdynamic CMakeFiles/cmTC_6a8c9.dir/CheckFunctionExists.c.o  -o cmTC_6a8c9  -lpthreads 
/usr/bin/ld: cannot find -lpthreads
collect2: error: ld returned 1 exit status
make[1]: *** [CMakeFiles/cmTC_6a8c9.dir/build.make:107: cmTC_6a8c9] Error 1
make[1]: Leaving directory '/data/Dev/CPP/6502 Emulator/cmake-build-debug/CMakeFiles/CMakeTmp'
make: *** [Makefile:141: cmTC_6a8c9/fast] Error 2



